(True, 2238672347, u'10.1.20.69', 112)
instantiating s1 dbg probe ...
INFO:i2cdev:Found 2 devices with dev_ids: ['0x0', '0x1'] Serial numbers: [2238672347L, 2238701524L]
INFO:isbp:n_devs:2 devs:array('H', [0]):
DEBUG:isbp:Dev handle: 0
DEBUG:isbp:Free Bus! None(27)
INFO:isbp:i2c dev is connected. handle: 1
Getting dbg access grant...! customer:False
DEBUG:isbp:cmd: 0xfd000000 cmd_data: None
INFO:isbp:Issueing chal cmd: 0xfd000000
DEBUG:isbp:Flushing the FIFO...!
INFO:isbp:aa_i2c_write: expectedLen:1(0x1) observedLen:1(0x1) wrBuffer:
================================================================================
0000:  41                                                   A
================================================================================
DEBUG:isbp:Write read status command. sent_bytes: 1
INFO:isbp:aa_i2c_read: expectedLen:1(0x1) observedLen:1(0x1) rdBuffer:
================================================================================
0000:  00                                                   .
================================================================================
DEBUG:isbp:Flushed the FIFO!
DEBUG:isbp:cmd: 0xfd000000
DEBUG:isbp:size: 8
INFO:isbp:aa_i2c_write: expectedLen:5(0x5) observedLen:5(0x5) wrBuffer:
================================================================================
0000:  C4 08 00 00 00                                       .....
================================================================================
DEBUG:isbp:
Send dbg chal cmd ['0x84', '0x0', '0x0', '0x0', '0xfd']
INFO:isbp:aa_i2c_write: expectedLen:5(0x5) observedLen:5(0x5) wrBuffer:
================================================================================
0000:  84 00 00 00 FD                                       .....
================================================================================
DEBUG:isbp:Sleeping to give time for hw(esp. emulation) to process the command!
DEBUG:isbp:Reading the header cmd status header...!
INFO:isbp:aa_i2c_write: expectedLen:1(0x1) observedLen:1(0x1) wrBuffer:
================================================================================
0000:  41                                                   A
================================================================================
INFO:isbp:aa_i2c_read: expectedLen:1(0x1) observedLen:1(0x1) rdBuffer:
================================================================================
0000:  14                                                   .
================================================================================
DEBUG:isbp:i2c_dbg_chal_nread number_of_bytes: 4(0x4)
DEBUG:isbp:len:4 I2CWR(dbgRd|0x4+1)=0x45
INFO:isbp:aa_i2c_write: expectedLen:1(0x1) observedLen:1(0x1) wrBuffer:
================================================================================
0000:  45                                                   E
================================================================================
INFO:isbp:aa_i2c_read: expectedLen:5(0x5) observedLen:5(0x5) rdBuffer:
================================================================================
0000:  14 14 00 00 00                                       .....
================================================================================
DEBUG:isbp:Successfully Recived 4 bytes!
DEBUG:isbp:i2c_dbg_chal_nread number_of_bytes: 16(0x10)
DEBUG:isbp:len:16 I2CWR(dbgRd|0x10+1)=0x51
INFO:isbp:aa_i2c_write: expectedLen:1(0x1) observedLen:1(0x1) wrBuffer:
================================================================================
0000:  51                                                   Q
================================================================================
INFO:isbp:aa_i2c_read: expectedLen:17(0x11) observedLen:17(0x11) rdBuffer:
================================================================================
0000:  10 FE 12 6F A7 57 54 7D  FE 7B BA E0 2F 62 54 27     ...o.WT}.{../bT'
0010:  3D                                                   =
================================================================================
DEBUG:isbp:Successfully Recived 16 bytes!
DEBUG:isbp:success: status: True data:
================================================================================
0000:  00 00 00 14 FE 12 6F A7  57 54 7D FE 7B BA E0 2F     ......o.WT}.{../
0010:  62 54 27 3D                                          bT'=
================================================================================
# ++++++++++++++++++++++++++++++++++++++++++++++++++++++++++++++++++++++++++++++++
# Response for command : 0xfd000000 (Maintenance/GetChallenge)
# ================================================================================
###[ RESP_getChallenge ]###
  \header    \
   |###[ HEADER ]###
   |  reserved  = reserved
   |  protected = [0x0L] reserved
   |  reserved  = reserved
   |  MsgStatus = [0x0L] Okay
   |  MsgSize   = [0x14] 20
  challenge =
             0000:  FE 12 6F A7 57 54 7D FE  7B BA E0 2F 62 54 27 3D     ..o.WT}.{../bT'=
# --------------------------------------------------------------------------------
Succefully got Challenge bytes!
data to sign (command + param + challenge): 000001fd000f0300fe126fa757547dfe7bbae02f6254273d
dev_cert_size: 1096
signed_challenge_len: 256
cert length: 1360
msglen: 1360
DEBUG:isbp:cmd: 0xfd010000 cmd_data:
================================================================================
0000:  00 0F 03 00 A5 5E 00 B1  FF FF FF FF 00 00 00 00     .....^..........
0010:  04 00 00 00 00 00 00 00  00 00 00 00 00 00 00 00     ................
0020:  00 00 00 00 00 00 00 00  00 00 12 34 FF FF FF FF     ...........4....
0030:  FF FF FF FF FF FF FF FF  FF FF FF FF FF FF FF FF     ................
0040:  FF FF FF FF 00 01 00 00  AE 8B 22 E9 55 BF F4 85     ..........".U...
0050:  E5 77 FE 8F 9C B7 38 02  E2 C8 A6 CE 5D E2 05 E2     .w....8.....]...
0060:  9A 3D E7 05 31 E4 9D 9D  C6 79 AE 05 B6 67 F4 93     .=..1....y...g..
0070:  B3 03 95 E3 40 F0 D0 CB  69 F1 44 2B 62 E0 54 71     ....@...i.D+b.Tq
0080:  A6 30 4D 67 23 3F 47 FB  EE 1F 88 02 2F 0F BE C9     .0Mg#?G...../...
0090:  CF BC 36 7D 06 95 9A DF  F4 E3 6F 20 D3 82 0E C5     ..6}......o ....
00a0:  E6 45 6B 82 35 CD 50 1A  D9 68 23 51 CD EF 09 5E     .Ek.5.P..h#Q...^
00b0:  13 84 6C 57 49 B3 DA A4  35 E2 AC F5 92 C1 CA E7     ..lWI...5.......
00c0:  31 B1 FA 9C A3 71 28 C7  11 95 B7 3D 67 4E 0E 13     1....q(....=gN..
00d0:  50 60 EA 69 71 68 D0 DF  7A D9 C2 02 BD F5 86 08     P`.iqh..z.......
00e0:  10 9F A8 2B C7 2A 3E E2  E5 8E 49 C4 13 40 7F 21     ...+.*>...I..@.!
00f0:  F0 59 BD CF B5 90 A6 ED  2C DC B5 9E 66 68 76 83     .Y......,...fhv.
0100:  2C 94 DF 60 5D A9 FA 5D  EB 3A 04 D9 0C 31 16 89     ,..`]..].:...1..
0110:  37 39 6E C4 D5 AD D7 A7  13 06 3D B3 BD 42 EB 10     79n.......=..B..
0120:  A3 AE CC A7 CC A0 BE D6  F4 8C D6 90 30 8F DE 3B     ............0..;
0130:  0E 3E 76 94 C7 6C D9 56  A0 1D 67 2B 5C 71 BC 72     .>v..l.V..g+\q.r
0140:  7E 52 38 91 B9 82 42 7B  00 00 00 00 00 00 00 00     ~R8...B{........
0150:  00 00 00 00 00 00 00 00  00 00 00 00 00 00 00 00     ................
0160:  00 00 00 00 00 00 00 00  00 00 00 00 00 00 00 00     ................
0170:  00 00 00 00 00 00 00 00  00 00 00 00 00 00 00 00     ................
0180:  00 00 00 00 00 00 00 00  00 00 00 00 00 00 00 00     ................
0190:  00 00 00 00 00 00 00 00  00 00 00 00 00 00 00 00     ................
01a0:  00 00 00 00 00 00 00 00  00 00 00 00 00 00 00 00     ................
01b0:  00 00 00 00 00 00 00 00  00 00 00 00 00 00 00 00     ................
01c0:  00 00 00 00 00 00 00 00  00 00 00 00 00 00 00 00     ................
01d0:  00 00 00 00 00 00 00 00  00 00 00 00 00 00 00 00     ................
01e0:  00 00 00 00 00 00 00 00  00 00 00 00 00 00 00 00     ................
01f0:  00 00 00 00 00 00 00 00  00 00 00 00 00 00 00 00     ................
0200:  00 00 00 00 00 00 00 00  00 00 00 00 00 00 00 00     ................
0210:  00 00 00 00 00 00 00 00  00 00 00 00 00 00 00 00     ................
0220:  00 00 00 00 00 00 00 00  00 00 00 00 00 00 00 00     ................
0230:  00 00 00 00 00 00 00 00  00 00 00 00 00 00 00 00     ................
0240:  00 00 00 00 00 00 00 00  00 01 00 00 79 88 7B EC     ............y.{.
0250:  C3 F2 79 D8 F3 51 3C F4  4A 44 7F 54 5D 84 CD 0E     ..y..Q<.JD.T]...
0260:  4F 4C E1 15 ED 6B 2E 17  CA F1 0B CD 69 B6 F1 57     OL...k......i..W
0270:  C4 EF 03 A2 1D 8E AD 9F  BC F7 FD ED 25 7D 05 CA     ............%}..
0280:  15 6B D6 7B DF F1 5E 28  0B F0 FE 75 99 F9 54 FB     .k.{..^(...u..T.
0290:  23 07 B2 B8 4D D5 01 AA  B0 1B A7 CB D1 F1 57 09     #...M.........W.
02a0:  45 4A 23 96 56 DC 95 35  D9 33 1A 6A F3 BC 1C 11     EJ#.V..5.3.j....
02b0:  4F 76 3F CB 03 F1 87 06  AF AC E5 EA C5 25 D9 91     Ov?..........%..
02c0:  28 69 F0 A8 52 46 00 9C  D6 89 51 35 AE 7F E0 8A     (i..RF....Q5....
02d0:  2B 5A 37 C8 F1 04 3C 3E  47 B1 55 80 2B 18 18 6B     +Z7...<>G.U.+..k
02e0:  C6 51 F3 BE 6B 09 1D CF  EC D8 FF C7 2D EB 93 FB     .Q..k.......-...
02f0:  05 19 F3 A8 8E E2 48 0B  D3 C7 CC 73 1E 4B 51 99     ......H....s.KQ.
0300:  53 65 6F 66 DA 3B BA 1D  B3 22 C5 EA 22 B5 40 76     Seof.;..."..".@v
0310:  AF 46 AE 22 98 AF C3 99  06 63 84 34 9C 95 41 9E     .F.".....c.4..A.
0320:  1F B9 75 5F 36 5C A0 7C  CB AB 04 57 34 76 10 25     ..u_6\.|...W4v.%
0330:  8B B7 00 C8 C0 B9 F9 15  05 1A 4C 46 EE 56 1E F7     ..........LF.V..
0340:  F8 01 E9 43 E4 F7 FB 22  AE BE 6F E1 00 00 00 00     ...C..."..o.....
0350:  00 00 00 00 00 00 00 00  00 00 00 00 00 00 00 00     ................
0360:  00 00 00 00 00 00 00 00  00 00 00 00 00 00 00 00     ................
0370:  00 00 00 00 00 00 00 00  00 00 00 00 00 00 00 00     ................
0380:  00 00 00 00 00 00 00 00  00 00 00 00 00 00 00 00     ................
0390:  00 00 00 00 00 00 00 00  00 00 00 00 00 00 00 00     ................
03a0:  00 00 00 00 00 00 00 00  00 00 00 00 00 00 00 00     ................
03b0:  00 00 00 00 00 00 00 00  00 00 00 00 00 00 00 00     ................
03c0:  00 00 00 00 00 00 00 00  00 00 00 00 00 00 00 00     ................
03d0:  00 00 00 00 00 00 00 00  00 00 00 00 00 00 00 00     ................
03e0:  00 00 00 00 00 00 00 00  00 00 00 00 00 00 00 00     ................
03f0:  00 00 00 00 00 00 00 00  00 00 00 00 00 00 00 00     ................
0400:  00 00 00 00 00 00 00 00  00 00 00 00 00 00 00 00     ................
0410:  00 00 00 00 00 00 00 00  00 00 00 00 00 00 00 00     ................
0420:  00 00 00 00 00 00 00 00  00 00 00 00 00 00 00 00     ................
0430:  00 00 00 00 00 00 00 00  00 00 00 00 00 00 00 00     ................
0440:  00 00 00 00 00 00 00 00  00 00 00 00 00 01 00 00     ................
0450:  7D EC D7 77 45 57 F3 FE  8C DF B3 39 78 CF 63 02     }..wEW.....9x.c.
0460:  73 DA F3 7B 7F A2 0C 4B  C3 2D EE BF C9 29 0D C6     s..{...K.-...)..
0470:  23 1D 51 D2 EE 76 89 40  9E 3E 30 04 74 BE 47 AA     #.Q..v.@.>0.t.G.
0480:  13 5D B5 10 31 08 DA 72  01 26 3C 03 06 8C 15 4B     .]..1..r.&<....K
0490:  7C F5 DC 45 10 50 54 40  4B F4 0E F7 79 76 77 0E     |..E.PT@K...yvw.
04a0:  A4 5C A9 FF D8 80 24 27  41 96 67 69 58 2A CC 6B     .\....$'A.giX*.k
04b0:  B1 DC 77 8E D4 26 6B 43  3E 68 9A 07 27 32 2F 60     ..w..&kC>h..'2/`
04c0:  4B F2 4D F2 16 F6 CB 05  03 46 65 C8 87 09 1E 9D     K.M......Fe.....
04d0:  5C 11 49 DD 09 0D 6D 11  30 24 36 B7 48 A3 30 4E     \.I...m.0$6.H.0N
04e0:  F4 E3 94 4B CD 71 1B E9  E3 B6 3B A3 76 E3 7C D0     ...K.q....;.v.|.
04f0:  D7 26 80 41 57 95 92 06  A1 18 B1 F8 AB CE A6 C6     .&.AW...........
0500:  6D 18 18 71 3E 9D 5E 53  CD 43 C7 6B AA 23 46 5C     m..q>.^S.C.k.#F\
0510:  31 5E 2B D8 DB 29 E5 A1  B8 33 C2 BA 86 43 6F 23     1^+..)...3...Co#
0520:  CA BE 06 3F FC DA 8A D1  2A D8 DC 49 F0 C7 3C 50     ...?....*..I..<P
0530:  61 36 BD 5E 23 9C A3 82  77 DC 6D 06 26 57 AD D6     a6.^#...w.m.&W..
0540:  FB 3E 83 69 EB AD 5A F1  B7 BA ED 3C EF 02 9D 24     .>.i..Z....<...$
================================================================================
INFO:isbp:Issueing chal cmd: 0xfd010000
DEBUG:isbp:Flushing the FIFO...!
INFO:isbp:aa_i2c_write: expectedLen:1(0x1) observedLen:1(0x1) wrBuffer:
================================================================================
0000:  41                                                   A
================================================================================
DEBUG:isbp:Write read status command. sent_bytes: 1
INFO:isbp:aa_i2c_read: expectedLen:1(0x1) observedLen:1(0x1) rdBuffer:
================================================================================
0000:  00                                                   .
================================================================================
DEBUG:isbp:Flushed the FIFO!
DEBUG:isbp:cmd: 0xfd010000
DEBUG:isbp:size: 1368
INFO:isbp:aa_i2c_write: expectedLen:5(0x5) observedLen:5(0x5) wrBuffer:
================================================================================
0000:  C4 58 05 00 00                                       .X...
================================================================================
DEBUG:isbp:
Send dbg chal cmd ['0x84', '0x0', '0x0', '0x1', '0xfd']
INFO:isbp:aa_i2c_write: expectedLen:5(0x5) observedLen:5(0x5) wrBuffer:
================================================================================
0000:  84 00 00 01 FD                                       .....
================================================================================
DEBUG:isbp:i:0 rem_bytes:1360 n:48
INFO:isbp:aa_i2c_write: expectedLen:49(0x31) observedLen:49(0x31) wrBuffer:
================================================================================
0000:  B0 00 0F 03 00 A5 5E 00  B1 FF FF FF FF 00 00 00     ......^.........
0010:  00 04 00 00 00 00 00 00  00 00 00 00 00 00 00 00     ................
0020:  00 00 00 00 00 00 00 00  00 00 00 12 34 FF FF FF     ............4...
0030:  FF                                                   .
================================================================================
DEBUG:isbp:successfully sent: 49 sent_total:48
DEBUG:isbp:i:48 rem_bytes:1312 n:48
INFO:isbp:aa_i2c_write: expectedLen:49(0x31) observedLen:49(0x31) wrBuffer:
================================================================================
0000:  B0 FF FF FF FF FF FF FF  FF FF FF FF FF FF FF FF     ................
0010:  FF FF FF FF FF 00 01 00  00 AE 8B 22 E9 55 BF F4     ...........".U..
0020:  85 E5 77 FE 8F 9C B7 38  02 E2 C8 A6 CE 5D E2 05     ..w....8.....]..
0030:  E2                                                   .
================================================================================
DEBUG:isbp:successfully sent: 49 sent_total:96
DEBUG:isbp:i:96 rem_bytes:1264 n:48
INFO:isbp:aa_i2c_write: expectedLen:49(0x31) observedLen:49(0x31) wrBuffer:
================================================================================
0000:  B0 9A 3D E7 05 31 E4 9D  9D C6 79 AE 05 B6 67 F4     ..=..1....y...g.
0010:  93 B3 03 95 E3 40 F0 D0  CB 69 F1 44 2B 62 E0 54     .....@...i.D+b.T
0020:  71 A6 30 4D 67 23 3F 47  FB EE 1F 88 02 2F 0F BE     q.0Mg#?G...../..
0030:  C9                                                   .
================================================================================
DEBUG:isbp:successfully sent: 49 sent_total:144
DEBUG:isbp:i:144 rem_bytes:1216 n:48
INFO:isbp:aa_i2c_write: expectedLen:49(0x31) observedLen:49(0x31) wrBuffer:
================================================================================
0000:  B0 CF BC 36 7D 06 95 9A  DF F4 E3 6F 20 D3 82 0E     ...6}......o ...
0010:  C5 E6 45 6B 82 35 CD 50  1A D9 68 23 51 CD EF 09     ..Ek.5.P..h#Q...
0020:  5E 13 84 6C 57 49 B3 DA  A4 35 E2 AC F5 92 C1 CA     ^..lWI...5......
0030:  E7                                                   .
================================================================================
DEBUG:isbp:successfully sent: 49 sent_total:192
DEBUG:isbp:i:192 rem_bytes:1168 n:48
INFO:isbp:aa_i2c_write: expectedLen:49(0x31) observedLen:49(0x31) wrBuffer:
================================================================================
0000:  B0 31 B1 FA 9C A3 71 28  C7 11 95 B7 3D 67 4E 0E     .1....q(....=gN.
0010:  13 50 60 EA 69 71 68 D0  DF 7A D9 C2 02 BD F5 86     .P`.iqh..z......
0020:  08 10 9F A8 2B C7 2A 3E  E2 E5 8E 49 C4 13 40 7F     ....+.*>...I..@.
0030:  21                                                   !
================================================================================
DEBUG:isbp:successfully sent: 49 sent_total:240
DEBUG:isbp:i:240 rem_bytes:1120 n:48
INFO:isbp:aa_i2c_write: expectedLen:49(0x31) observedLen:49(0x31) wrBuffer:
================================================================================
0000:  B0 F0 59 BD CF B5 90 A6  ED 2C DC B5 9E 66 68 76     ..Y......,...fhv
0010:  83 2C 94 DF 60 5D A9 FA  5D EB 3A 04 D9 0C 31 16     .,..`]..].:...1.
0020:  89 37 39 6E C4 D5 AD D7  A7 13 06 3D B3 BD 42 EB     .79n.......=..B.
0030:  10                                                   .
================================================================================
DEBUG:isbp:successfully sent: 49 sent_total:288
DEBUG:isbp:i:288 rem_bytes:1072 n:48
INFO:isbp:aa_i2c_write: expectedLen:49(0x31) observedLen:49(0x31) wrBuffer:
================================================================================
0000:  B0 A3 AE CC A7 CC A0 BE  D6 F4 8C D6 90 30 8F DE     .............0..
0010:  3B 0E 3E 76 94 C7 6C D9  56 A0 1D 67 2B 5C 71 BC     ;.>v..l.V..g+\q.
0020:  72 7E 52 38 91 B9 82 42  7B 00 00 00 00 00 00 00     r~R8...B{.......
0030:  00                                                   .
================================================================================
DEBUG:isbp:successfully sent: 49 sent_total:336
DEBUG:isbp:i:336 rem_bytes:1024 n:48
INFO:isbp:aa_i2c_write: expectedLen:49(0x31) observedLen:49(0x31) wrBuffer:
================================================================================
0000:  B0 00 00 00 00 00 00 00  00 00 00 00 00 00 00 00     ................
0010:  00 00 00 00 00 00 00 00  00 00 00 00 00 00 00 00     ................
0020:  00 00 00 00 00 00 00 00  00 00 00 00 00 00 00 00     ................
0030:  00                                                   .
================================================================================
DEBUG:isbp:successfully sent: 49 sent_total:384
DEBUG:isbp:i:384 rem_bytes:976 n:48
INFO:isbp:aa_i2c_write: expectedLen:49(0x31) observedLen:49(0x31) wrBuffer:
================================================================================
0000:  B0 00 00 00 00 00 00 00  00 00 00 00 00 00 00 00     ................
0010:  00 00 00 00 00 00 00 00  00 00 00 00 00 00 00 00     ................
0020:  00 00 00 00 00 00 00 00  00 00 00 00 00 00 00 00     ................
0030:  00                                                   .
================================================================================
DEBUG:isbp:successfully sent: 49 sent_total:432
DEBUG:isbp:i:432 rem_bytes:928 n:48
INFO:isbp:aa_i2c_write: expectedLen:49(0x31) observedLen:49(0x31) wrBuffer:
================================================================================
0000:  B0 00 00 00 00 00 00 00  00 00 00 00 00 00 00 00     ................
0010:  00 00 00 00 00 00 00 00  00 00 00 00 00 00 00 00     ................
0020:  00 00 00 00 00 00 00 00  00 00 00 00 00 00 00 00     ................
0030:  00                                                   .
================================================================================
DEBUG:isbp:successfully sent: 49 sent_total:480
DEBUG:isbp:i:480 rem_bytes:880 n:48
INFO:isbp:aa_i2c_write: expectedLen:49(0x31) observedLen:49(0x31) wrBuffer:
================================================================================
0000:  B0 00 00 00 00 00 00 00  00 00 00 00 00 00 00 00     ................
0010:  00 00 00 00 00 00 00 00  00 00 00 00 00 00 00 00     ................
0020:  00 00 00 00 00 00 00 00  00 00 00 00 00 00 00 00     ................
0030:  00                                                   .
================================================================================
DEBUG:isbp:successfully sent: 49 sent_total:528
DEBUG:isbp:i:528 rem_bytes:832 n:48
INFO:isbp:aa_i2c_write: expectedLen:49(0x31) observedLen:49(0x31) wrBuffer:
================================================================================
0000:  B0 00 00 00 00 00 00 00  00 00 00 00 00 00 00 00     ................
0010:  00 00 00 00 00 00 00 00  00 00 00 00 00 00 00 00     ................
0020:  00 00 00 00 00 00 00 00  00 00 00 00 00 00 00 00     ................
0030:  00                                                   .
================================================================================
DEBUG:isbp:successfully sent: 49 sent_total:576
DEBUG:isbp:i:576 rem_bytes:784 n:48
INFO:isbp:aa_i2c_write: expectedLen:49(0x31) observedLen:49(0x31) wrBuffer:
================================================================================
0000:  B0 00 00 00 00 00 00 00  00 00 01 00 00 79 88 7B     .............y.{
0010:  EC C3 F2 79 D8 F3 51 3C  F4 4A 44 7F 54 5D 84 CD     ...y..Q<.JD.T]..
0020:  0E 4F 4C E1 15 ED 6B 2E  17 CA F1 0B CD 69 B6 F1     .OL...k......i..
0030:  57                                                   W
================================================================================
DEBUG:isbp:successfully sent: 49 sent_total:624
DEBUG:isbp:i:624 rem_bytes:736 n:48
INFO:isbp:aa_i2c_write: expectedLen:49(0x31) observedLen:49(0x31) wrBuffer:
================================================================================
0000:  B0 C4 EF 03 A2 1D 8E AD  9F BC F7 FD ED 25 7D 05     .............%}.
0010:  CA 15 6B D6 7B DF F1 5E  28 0B F0 FE 75 99 F9 54     ..k.{..^(...u..T
0020:  FB 23 07 B2 B8 4D D5 01  AA B0 1B A7 CB D1 F1 57     .#...M.........W
0030:  09                                                   .
================================================================================
DEBUG:isbp:successfully sent: 49 sent_total:672
DEBUG:isbp:i:672 rem_bytes:688 n:48
INFO:isbp:aa_i2c_write: expectedLen:49(0x31) observedLen:49(0x31) wrBuffer:
================================================================================
0000:  B0 45 4A 23 96 56 DC 95  35 D9 33 1A 6A F3 BC 1C     .EJ#.V..5.3.j...
0010:  11 4F 76 3F CB 03 F1 87  06 AF AC E5 EA C5 25 D9     .Ov?..........%.
0020:  91 28 69 F0 A8 52 46 00  9C D6 89 51 35 AE 7F E0     .(i..RF....Q5...
0030:  8A                                                   .
================================================================================
DEBUG:isbp:successfully sent: 49 sent_total:720
DEBUG:isbp:i:720 rem_bytes:640 n:48
INFO:isbp:aa_i2c_write: expectedLen:49(0x31) observedLen:49(0x31) wrBuffer:
================================================================================
0000:  B0 2B 5A 37 C8 F1 04 3C  3E 47 B1 55 80 2B 18 18     .+Z7...<>G.U.+..
0010:  6B C6 51 F3 BE 6B 09 1D  CF EC D8 FF C7 2D EB 93     k.Q..k.......-..
0020:  FB 05 19 F3 A8 8E E2 48  0B D3 C7 CC 73 1E 4B 51     .......H....s.KQ
0030:  99                                                   .
================================================================================
DEBUG:isbp:successfully sent: 49 sent_total:768
DEBUG:isbp:i:768 rem_bytes:592 n:48
INFO:isbp:aa_i2c_write: expectedLen:49(0x31) observedLen:49(0x31) wrBuffer:
================================================================================
0000:  B0 53 65 6F 66 DA 3B BA  1D B3 22 C5 EA 22 B5 40     .Seof.;..."..".@
0010:  76 AF 46 AE 22 98 AF C3  99 06 63 84 34 9C 95 41     v.F.".....c.4..A
0020:  9E 1F B9 75 5F 36 5C A0  7C CB AB 04 57 34 76 10     ...u_6\.|...W4v.
0030:  25                                                   %
================================================================================
DEBUG:isbp:successfully sent: 49 sent_total:816
DEBUG:isbp:i:816 rem_bytes:544 n:48
INFO:isbp:aa_i2c_write: expectedLen:49(0x31) observedLen:49(0x31) wrBuffer:
================================================================================
0000:  B0 8B B7 00 C8 C0 B9 F9  15 05 1A 4C 46 EE 56 1E     ...........LF.V.
0010:  F7 F8 01 E9 43 E4 F7 FB  22 AE BE 6F E1 00 00 00     ....C..."..o....
0020:  00 00 00 00 00 00 00 00  00 00 00 00 00 00 00 00     ................
0030:  00                                                   .
================================================================================
DEBUG:isbp:successfully sent: 49 sent_total:864
DEBUG:isbp:i:864 rem_bytes:496 n:48
INFO:isbp:aa_i2c_write: expectedLen:49(0x31) observedLen:49(0x31) wrBuffer:
================================================================================
0000:  B0 00 00 00 00 00 00 00  00 00 00 00 00 00 00 00     ................
0010:  00 00 00 00 00 00 00 00  00 00 00 00 00 00 00 00     ................
0020:  00 00 00 00 00 00 00 00  00 00 00 00 00 00 00 00     ................
0030:  00                                                   .
================================================================================
DEBUG:isbp:successfully sent: 49 sent_total:912
DEBUG:isbp:i:912 rem_bytes:448 n:48
INFO:isbp:aa_i2c_write: expectedLen:49(0x31) observedLen:49(0x31) wrBuffer:
================================================================================
0000:  B0 00 00 00 00 00 00 00  00 00 00 00 00 00 00 00     ................
0010:  00 00 00 00 00 00 00 00  00 00 00 00 00 00 00 00     ................
0020:  00 00 00 00 00 00 00 00  00 00 00 00 00 00 00 00     ................
0030:  00                                                   .
================================================================================
DEBUG:isbp:successfully sent: 49 sent_total:960
DEBUG:isbp:i:960 rem_bytes:400 n:48
INFO:isbp:aa_i2c_write: expectedLen:49(0x31) observedLen:49(0x31) wrBuffer:
================================================================================
0000:  B0 00 00 00 00 00 00 00  00 00 00 00 00 00 00 00     ................
0010:  00 00 00 00 00 00 00 00  00 00 00 00 00 00 00 00     ................
0020:  00 00 00 00 00 00 00 00  00 00 00 00 00 00 00 00     ................
0030:  00                                                   .
================================================================================
DEBUG:isbp:successfully sent: 49 sent_total:1008
DEBUG:isbp:i:1008 rem_bytes:352 n:48
INFO:isbp:aa_i2c_write: expectedLen:49(0x31) observedLen:49(0x31) wrBuffer:
================================================================================
0000:  B0 00 00 00 00 00 00 00  00 00 00 00 00 00 00 00     ................
0010:  00 00 00 00 00 00 00 00  00 00 00 00 00 00 00 00     ................
0020:  00 00 00 00 00 00 00 00  00 00 00 00 00 00 00 00     ................
0030:  00                                                   .
================================================================================
DEBUG:isbp:successfully sent: 49 sent_total:1056
DEBUG:isbp:i:1056 rem_bytes:304 n:48
INFO:isbp:aa_i2c_write: expectedLen:49(0x31) observedLen:49(0x31) wrBuffer:
================================================================================
0000:  B0 00 00 00 00 00 00 00  00 00 00 00 00 00 00 00     ................
0010:  00 00 00 00 00 00 00 00  00 00 00 00 00 00 00 00     ................
0020:  00 00 00 00 00 00 00 00  00 00 00 00 00 00 01 00     ................
0030:  00                                                   .
================================================================================
DEBUG:isbp:successfully sent: 49 sent_total:1104
DEBUG:isbp:i:1104 rem_bytes:256 n:48
INFO:isbp:aa_i2c_write: expectedLen:49(0x31) observedLen:49(0x31) wrBuffer:
================================================================================
0000:  B0 7D EC D7 77 45 57 F3  FE 8C DF B3 39 78 CF 63     .}..wEW.....9x.c
0010:  02 73 DA F3 7B 7F A2 0C  4B C3 2D EE BF C9 29 0D     .s..{...K.-...).
0020:  C6 23 1D 51 D2 EE 76 89  40 9E 3E 30 04 74 BE 47     .#.Q..v.@.>0.t.G
0030:  AA                                                   .
================================================================================
DEBUG:isbp:successfully sent: 49 sent_total:1152
DEBUG:isbp:i:1152 rem_bytes:208 n:48
INFO:isbp:aa_i2c_write: expectedLen:49(0x31) observedLen:49(0x31) wrBuffer:
================================================================================
0000:  B0 13 5D B5 10 31 08 DA  72 01 26 3C 03 06 8C 15     ..]..1..r.&<....
0010:  4B 7C F5 DC 45 10 50 54  40 4B F4 0E F7 79 76 77     K|..E.PT@K...yvw
0020:  0E A4 5C A9 FF D8 80 24  27 41 96 67 69 58 2A CC     ..\....$'A.giX*.
0030:  6B                                                   k
================================================================================
DEBUG:isbp:successfully sent: 49 sent_total:1200
DEBUG:isbp:i:1200 rem_bytes:160 n:48
INFO:isbp:aa_i2c_write: expectedLen:49(0x31) observedLen:49(0x31) wrBuffer:
================================================================================
0000:  B0 B1 DC 77 8E D4 26 6B  43 3E 68 9A 07 27 32 2F     ...w..&kC>h..'2/
0010:  60 4B F2 4D F2 16 F6 CB  05 03 46 65 C8 87 09 1E     `K.M......Fe....
0020:  9D 5C 11 49 DD 09 0D 6D  11 30 24 36 B7 48 A3 30     .\.I...m.0$6.H.0
0030:  4E                                                   N
================================================================================
DEBUG:isbp:successfully sent: 49 sent_total:1248
DEBUG:isbp:i:1248 rem_bytes:112 n:48
INFO:isbp:aa_i2c_write: expectedLen:49(0x31) observedLen:49(0x31) wrBuffer:
================================================================================
0000:  B0 F4 E3 94 4B CD 71 1B  E9 E3 B6 3B A3 76 E3 7C     ....K.q....;.v.|
0010:  D0 D7 26 80 41 57 95 92  06 A1 18 B1 F8 AB CE A6     ..&.AW..........
0020:  C6 6D 18 18 71 3E 9D 5E  53 CD 43 C7 6B AA 23 46     .m..q>.^S.C.k.#F
0030:  5C                                                   \
================================================================================
DEBUG:isbp:successfully sent: 49 sent_total:1296
DEBUG:isbp:i:1296 rem_bytes:64 n:48
INFO:isbp:aa_i2c_write: expectedLen:49(0x31) observedLen:49(0x31) wrBuffer:
================================================================================
0000:  B0 31 5E 2B D8 DB 29 E5  A1 B8 33 C2 BA 86 43 6F     .1^+..)...3...Co
0010:  23 CA BE 06 3F FC DA 8A  D1 2A D8 DC 49 F0 C7 3C     #...?....*..I..<
0020:  50 61 36 BD 5E 23 9C A3  82 77 DC 6D 06 26 57 AD     Pa6.^#...w.m.&W.
0030:  D6                                                   .
================================================================================
DEBUG:isbp:successfully sent: 49 sent_total:1344
DEBUG:isbp:i:1344 rem_bytes:16 n:16
INFO:isbp:aa_i2c_write: expectedLen:17(0x11) observedLen:17(0x11) wrBuffer:
================================================================================
0000:  B0 FB 3E 83 69 EB AD 5A  F1 B7 BA ED 3C EF 02 9D     ..>.i..Z....<...
0010:  24                                                   $
================================================================================
DEBUG:isbp:successfully sent: 17 sent_total:1360
INFO:isbp:Successfully transmitted 1360 bytes!
DEBUG:isbp:Sleeping to give time for hw(esp. emulation) to process the command!
DEBUG:isbp:Reading the header cmd status header...!
INFO:isbp:aa_i2c_write: expectedLen:1(0x1) observedLen:1(0x1) wrBuffer:
================================================================================
0000:  41                                                   A
================================================================================
INFO:isbp:aa_i2c_read: expectedLen:1(0x1) observedLen:1(0x1) rdBuffer:
================================================================================
0000:  04                                                   .
================================================================================
DEBUG:isbp:i2c_dbg_chal_nread number_of_bytes: 4(0x4)
DEBUG:isbp:len:4 I2CWR(dbgRd|0x4+1)=0x45
INFO:isbp:aa_i2c_write: expectedLen:1(0x1) observedLen:1(0x1) wrBuffer:
================================================================================
0000:  45                                                   E
================================================================================
INFO:isbp:aa_i2c_read: expectedLen:5(0x5) observedLen:5(0x5) rdBuffer:
================================================================================
0000:  04 04 00 00 00                                       .....
================================================================================
DEBUG:isbp:Successfully Recived 4 bytes!
DEBUG:isbp:success: status: True data:
================================================================================
0000:  00 00 00 04                                          ....
================================================================================
# ++++++++++++++++++++++++++++++++++++++++++++++++++++++++++++++++++++++++++++++++
# Response for command : 0xfd010000 (Maintenance/DebugAccess/CM)
# ================================================================================
###[ RESP_raw ]###
  \header    \
   |###[ HEADER ]###
   |  reserved  = reserved
   |  protected = [0x0L] reserved
   |  reserved  = reserved
   |  MsgStatus = [0x0L] Okay
   |  MsgSize   = [0x4] 4
# --------------------------------------------------------------------------------
Grant Access: None
Debug access cm-granted!
Erasing flash at offset 0
DEBUG:isbp:cmd: 0xfc000000 cmd_data:
================================================================================
0000:  00 00 00 00                                          ....
================================================================================
INFO:isbp:Issueing chal cmd: 0xfc000000
DEBUG:isbp:Flushing the FIFO...!
INFO:isbp:aa_i2c_write: expectedLen:1(0x1) observedLen:1(0x1) wrBuffer:
================================================================================
0000:  41                                                   A
================================================================================
DEBUG:isbp:Write read status command. sent_bytes: 1
INFO:isbp:aa_i2c_read: expectedLen:1(0x1) observedLen:1(0x1) rdBuffer:
================================================================================
0000:  00                                                   .
================================================================================
DEBUG:isbp:Flushed the FIFO!
DEBUG:isbp:cmd: 0xfc000000
DEBUG:isbp:size: 12
INFO:isbp:aa_i2c_write: expectedLen:5(0x5) observedLen:5(0x5) wrBuffer:
================================================================================
0000:  C4 0C 00 00 00                                       .....
================================================================================
DEBUG:isbp:
Send dbg chal cmd ['0x84', '0x0', '0x0', '0x0', '0xfc']
INFO:isbp:aa_i2c_write: expectedLen:5(0x5) observedLen:5(0x5) wrBuffer:
================================================================================
0000:  84 00 00 00 FC                                       .....
================================================================================
DEBUG:isbp:i:0 rem_bytes:4 n:4
INFO:isbp:aa_i2c_write: expectedLen:5(0x5) observedLen:5(0x5) wrBuffer:
================================================================================
0000:  B0 00 00 00 00                                       .....
================================================================================
DEBUG:isbp:successfully sent: 5 sent_total:4
INFO:isbp:Successfully transmitted 4 bytes!
DEBUG:isbp:Sleeping to give time for hw(esp. emulation) to process the command!
DEBUG:isbp:Reading the header cmd status header...!
INFO:isbp:aa_i2c_write: expectedLen:1(0x1) observedLen:1(0x1) wrBuffer:
================================================================================
0000:  41                                                   A
================================================================================
INFO:isbp:aa_i2c_read: expectedLen:1(0x1) observedLen:1(0x1) rdBuffer:
================================================================================
0000:  04                                                   .
================================================================================
DEBUG:isbp:i2c_dbg_chal_nread number_of_bytes: 4(0x4)
DEBUG:isbp:len:4 I2CWR(dbgRd|0x4+1)=0x45
INFO:isbp:aa_i2c_write: expectedLen:1(0x1) observedLen:1(0x1) wrBuffer:
================================================================================
0000:  45                                                   E
================================================================================
INFO:isbp:aa_i2c_read: expectedLen:5(0x5) observedLen:5(0x5) rdBuffer:
================================================================================
0000:  04 04 00 00 00                                       .....
================================================================================
DEBUG:isbp:Successfully Recived 4 bytes!
DEBUG:isbp:success: status: True data:
================================================================================
0000:  00 00 00 04                                          ....
================================================================================
# ++++++++++++++++++++++++++++++++++++++++++++++++++++++++++++++++++++++++++++++++
# Response for command : 0xfc000000 (Flash Erase)
# ================================================================================
###[ RESP_raw ]###
  \header    \
   |###[ HEADER ]###
   |  reserved  = reserved
   |  protected = [0x0L] reserved
   |  reserved  = reserved
   |  MsgStatus = [0x0L] Okay
   |  MsgSize   = [0x4] 4
# --------------------------------------------------------------------------------
DEBUG:isbp:cmd: 0xfc011000 cmd_data: None
INFO:isbp:Issueing chal cmd: 0xfc011000
DEBUG:isbp:Flushing the FIFO...!
INFO:isbp:aa_i2c_write: expectedLen:1(0x1) observedLen:1(0x1) wrBuffer:
================================================================================
0000:  41                                                   A
================================================================================
DEBUG:isbp:Write read status command. sent_bytes: 1
INFO:isbp:aa_i2c_read: expectedLen:1(0x1) observedLen:1(0x1) rdBuffer:
================================================================================
0000:  00                                                   .
================================================================================
DEBUG:isbp:Flushed the FIFO!
DEBUG:isbp:cmd: 0xfc011000
DEBUG:isbp:size: 8
INFO:isbp:aa_i2c_write: expectedLen:5(0x5) observedLen:5(0x5) wrBuffer:
================================================================================
0000:  C4 08 00 00 00                                       .....
================================================================================
DEBUG:isbp:
Send dbg chal cmd ['0x84', '0x0', '0x10', '0x1', '0xfc']
INFO:isbp:aa_i2c_write: expectedLen:5(0x5) observedLen:5(0x5) wrBuffer:
================================================================================
0000:  84 00 10 01 FC                                       .....
================================================================================
DEBUG:isbp:Sleeping to give time for hw(esp. emulation) to process the command!
DEBUG:isbp:Reading the header cmd status header...!
INFO:isbp:aa_i2c_write: expectedLen:1(0x1) observedLen:1(0x1) wrBuffer:
================================================================================
0000:  41                                                   A
================================================================================
INFO:isbp:aa_i2c_read: expectedLen:1(0x1) observedLen:1(0x1) rdBuffer:
================================================================================
0000:  0C                                                   .
================================================================================
DEBUG:isbp:i2c_dbg_chal_nread number_of_bytes: 4(0x4)
DEBUG:isbp:len:4 I2CWR(dbgRd|0x4+1)=0x45
INFO:isbp:aa_i2c_write: expectedLen:1(0x1) observedLen:1(0x1) wrBuffer:
================================================================================
0000:  45                                                   E
================================================================================
INFO:isbp:aa_i2c_read: expectedLen:5(0x5) observedLen:5(0x5) rdBuffer:
================================================================================
0000:  0C 0C 00 00 00                                       .....
================================================================================
DEBUG:isbp:Successfully Recived 4 bytes!
DEBUG:isbp:i2c_dbg_chal_nread number_of_bytes: 8(0x8)
DEBUG:isbp:len:8 I2CWR(dbgRd|0x8+1)=0x49
INFO:isbp:aa_i2c_write: expectedLen:1(0x1) observedLen:1(0x1) wrBuffer:
================================================================================
0000:  49                                                   I
================================================================================
INFO:isbp:aa_i2c_read: expectedLen:9(0x9) observedLen:9(0x9) rdBuffer:
================================================================================
0000:  08 00 01 00 00 00 01 00  00                          .........
================================================================================
DEBUG:isbp:Successfully Recived 8 bytes!
DEBUG:isbp:success: status: True data:
================================================================================
0000:  00 00 00 0C 00 01 00 00  00 01 00 00                 ............
================================================================================
# ++++++++++++++++++++++++++++++++++++++++++++++++++++++++++++++++++++++++++++++++
# Response for command : 0xfc011000 (Flash Program/GetBufferSizes)
# ================================================================================
###[ RESP_raw ]###
  \header    \
   |###[ HEADER ]###
   |  reserved  = reserved
   |  protected = [0x0L] reserved
   |  reserved  = reserved
   |  MsgStatus = [0x0L] Okay
   |  MsgSize   = [0xc] 12
###[ Remains ]###
     payload   =
              0000:  00 01 00 00 00 01 00 00                              ........
# --------------------------------------------------------------------------------
(True, [0, 1, 0, 0, 0, 1, 0, 0])
DEBUG:isbp:cmd: 0xfc013000 cmd_data: None
INFO:isbp:Issueing chal cmd: 0xfc013000
DEBUG:isbp:Flushing the FIFO...!
INFO:isbp:aa_i2c_write: expectedLen:1(0x1) observedLen:1(0x1) wrBuffer:
================================================================================
0000:  41                                                   A
================================================================================
DEBUG:isbp:Write read status command. sent_bytes: 1
INFO:isbp:aa_i2c_read: expectedLen:1(0x1) observedLen:1(0x1) rdBuffer:
================================================================================
0000:  00                                                   .
================================================================================
DEBUG:isbp:Flushed the FIFO!
DEBUG:isbp:cmd: 0xfc013000
DEBUG:isbp:size: 8
INFO:isbp:aa_i2c_write: expectedLen:5(0x5) observedLen:5(0x5) wrBuffer:
================================================================================
0000:  C4 08 00 00 00                                       .....
================================================================================
DEBUG:isbp:
Send dbg chal cmd ['0x84', '0x0', '0x30', '0x1', '0xfc']
INFO:isbp:aa_i2c_write: expectedLen:5(0x5) observedLen:5(0x5) wrBuffer:
================================================================================
0000:  84 00 30 01 FC                                       ..0..
================================================================================
DEBUG:isbp:Sleeping to give time for hw(esp. emulation) to process the command!
DEBUG:isbp:Reading the header cmd status header...!
INFO:isbp:aa_i2c_write: expectedLen:1(0x1) observedLen:1(0x1) wrBuffer:
================================================================================
0000:  41                                                   A
================================================================================
INFO:isbp:aa_i2c_read: expectedLen:1(0x1) observedLen:1(0x1) rdBuffer:
================================================================================
0000:  04                                                   .
================================================================================
DEBUG:isbp:i2c_dbg_chal_nread number_of_bytes: 4(0x4)
DEBUG:isbp:len:4 I2CWR(dbgRd|0x4+1)=0x45
INFO:isbp:aa_i2c_write: expectedLen:1(0x1) observedLen:1(0x1) wrBuffer:
================================================================================
0000:  45                                                   E
================================================================================
INFO:isbp:aa_i2c_read: expectedLen:5(0x5) observedLen:5(0x5) rdBuffer:
================================================================================
0000:  04 04 00 00 00                                       .....
================================================================================
DEBUG:isbp:Successfully Recived 4 bytes!
DEBUG:isbp:success: status: True data:
================================================================================
0000:  00 00 00 04                                          ....
================================================================================
# ++++++++++++++++++++++++++++++++++++++++++++++++++++++++++++++++++++++++++++++++
# Response for command : 0xfc013000 (Flash Program/DataClear)
# ================================================================================
###[ RESP_raw ]###
  \header    \
   |###[ HEADER ]###
   |  reserved  = reserved
   |  protected = [0x0L] reserved
   |  reserved  = reserved
   |  MsgStatus = [0x0L] Okay
   |  MsgSize   = [0x4] 4
# --------------------------------------------------------------------------------
Writing 256 bytes
Sending bytes 0 to 256
DEBUG:isbp:cmd: 0xfc012000 cmd_data:
================================================================================
0000:  00 00 00 00 00 01 00 00  B7 B7 B7 B7 B7 B7 B7 B7     ................
0010:  B7 B7 B7 B7 B7 B7 B7 B7  B7 B7 B7 B7 B7 B7 B7 B7     ................
0020:  B7 B7 B7 B7 B7 B7 B7 B7  B7 B7 B7 B7 B7 B7 B7 B7     ................
0030:  B7 B7 B7 B7 B7 B7 B7 B7  B7 B7 B7 B7 B7 B7 B7 B7     ................
0040:  B7 B7 B7 B7 B7 B7 B7 B7  B7 B7 B7 B7 B7 B7 B7 B7     ................
0050:  B7 B7 B7 B7 B7 B7 B7 B7  B7 B7 B7 B7 B7 B7 B7 B7     ................
0060:  B7 B7 B7 B7 B7 B7 B7 B7  B7 B7 B7 B7 B7 B7 B7 B7     ................
0070:  B7 B7 B7 B7 B7 B7 B7 B7  B7 B7 B7 B7 B7 B7 B7 B7     ................
0080:  B7 B7 B7 B7 B7 B7 B7 B7  B7 B7 B7 B7 B7 B7 B7 B7     ................
0090:  B7 B7 B7 B7 B7 B7 B7 B7  B7 B7 B7 B7 B7 B7 B7 B7     ................
00a0:  B7 B7 B7 B7 B7 B7 B7 B7  B7 B7 B7 B7 B7 B7 B7 B7     ................
00b0:  B7 B7 B7 B7 B7 B7 B7 B7  B7 B7 B7 B7 B7 B7 B7 B7     ................
00c0:  B7 B7 B7 B7 B7 B7 B7 B7  B7 B7 B7 B7 B7 B7 B7 B7     ................
00d0:  B7 B7 B7 B7 B7 B7 B7 B7  B7 B7 B7 B7 B7 B7 B7 B7     ................
00e0:  B7 B7 B7 B7 B7 B7 B7 B7  B7 B7 B7 B7 B7 B7 B7 B7     ................
00f0:  B7 B7 B7 B7 B7 B7 B7 B7  B7 B7 B7 B7 B7 B7 B7 B7     ................
0100:  B7 B7 B7 B7 B7 B7 B7 B7                              ........
================================================================================
INFO:isbp:Issueing chal cmd: 0xfc012000
DEBUG:isbp:Flushing the FIFO...!
INFO:isbp:aa_i2c_write: expectedLen:1(0x1) observedLen:1(0x1) wrBuffer:
================================================================================
0000:  41                                                   A
================================================================================
DEBUG:isbp:Write read status command. sent_bytes: 1
INFO:isbp:aa_i2c_read: expectedLen:1(0x1) observedLen:1(0x1) rdBuffer:
================================================================================
0000:  00                                                   .
================================================================================
DEBUG:isbp:Flushed the FIFO!
DEBUG:isbp:cmd: 0xfc012000
DEBUG:isbp:size: 272
INFO:isbp:aa_i2c_write: expectedLen:5(0x5) observedLen:5(0x5) wrBuffer:
================================================================================
0000:  C4 10 01 00 00                                       .....
================================================================================
DEBUG:isbp:
Send dbg chal cmd ['0x84', '0x0', '0x20', '0x1', '0xfc']
INFO:isbp:aa_i2c_write: expectedLen:5(0x5) observedLen:5(0x5) wrBuffer:
================================================================================
0000:  84 00 20 01 FC                                       .. ..
================================================================================
DEBUG:isbp:i:0 rem_bytes:264 n:48
INFO:isbp:aa_i2c_write: expectedLen:49(0x31) observedLen:49(0x31) wrBuffer:
================================================================================
0000:  B0 00 00 00 00 00 01 00  00 B7 B7 B7 B7 B7 B7 B7     ................
0010:  B7 B7 B7 B7 B7 B7 B7 B7  B7 B7 B7 B7 B7 B7 B7 B7     ................
0020:  B7 B7 B7 B7 B7 B7 B7 B7  B7 B7 B7 B7 B7 B7 B7 B7     ................
0030:  B7                                                   .
================================================================================
DEBUG:isbp:successfully sent: 49 sent_total:48
DEBUG:isbp:i:48 rem_bytes:216 n:48
INFO:isbp:aa_i2c_write: expectedLen:49(0x31) observedLen:49(0x31) wrBuffer:
================================================================================
0000:  B0 B7 B7 B7 B7 B7 B7 B7  B7 B7 B7 B7 B7 B7 B7 B7     ................
0010:  B7 B7 B7 B7 B7 B7 B7 B7  B7 B7 B7 B7 B7 B7 B7 B7     ................
0020:  B7 B7 B7 B7 B7 B7 B7 B7  B7 B7 B7 B7 B7 B7 B7 B7     ................
0030:  B7                                                   .
================================================================================
DEBUG:isbp:successfully sent: 49 sent_total:96
DEBUG:isbp:i:96 rem_bytes:168 n:48
INFO:isbp:aa_i2c_write: expectedLen:49(0x31) observedLen:49(0x31) wrBuffer:
================================================================================
0000:  B0 B7 B7 B7 B7 B7 B7 B7  B7 B7 B7 B7 B7 B7 B7 B7     ................
0010:  B7 B7 B7 B7 B7 B7 B7 B7  B7 B7 B7 B7 B7 B7 B7 B7     ................
0020:  B7 B7 B7 B7 B7 B7 B7 B7  B7 B7 B7 B7 B7 B7 B7 B7     ................
0030:  B7                                                   .
================================================================================
DEBUG:isbp:successfully sent: 49 sent_total:144
DEBUG:isbp:i:144 rem_bytes:120 n:48
INFO:isbp:aa_i2c_write: expectedLen:49(0x31) observedLen:49(0x31) wrBuffer:
================================================================================
0000:  B0 B7 B7 B7 B7 B7 B7 B7  B7 B7 B7 B7 B7 B7 B7 B7     ................
0010:  B7 B7 B7 B7 B7 B7 B7 B7  B7 B7 B7 B7 B7 B7 B7 B7     ................
0020:  B7 B7 B7 B7 B7 B7 B7 B7  B7 B7 B7 B7 B7 B7 B7 B7     ................
0030:  B7                                                   .
================================================================================
DEBUG:isbp:successfully sent: 49 sent_total:192
DEBUG:isbp:i:192 rem_bytes:72 n:48
INFO:isbp:aa_i2c_write: expectedLen:49(0x31) observedLen:49(0x31) wrBuffer:
================================================================================
0000:  B0 B7 B7 B7 B7 B7 B7 B7  B7 B7 B7 B7 B7 B7 B7 B7     ................
0010:  B7 B7 B7 B7 B7 B7 B7 B7  B7 B7 B7 B7 B7 B7 B7 B7     ................
0020:  B7 B7 B7 B7 B7 B7 B7 B7  B7 B7 B7 B7 B7 B7 B7 B7     ................
0030:  B7                                                   .
================================================================================
DEBUG:isbp:successfully sent: 49 sent_total:240
DEBUG:isbp:i:240 rem_bytes:24 n:24
INFO:isbp:aa_i2c_write: expectedLen:25(0x19) observedLen:25(0x19) wrBuffer:
================================================================================
0000:  B0 B7 B7 B7 B7 B7 B7 B7  B7 B7 B7 B7 B7 B7 B7 B7     ................
0010:  B7 B7 B7 B7 B7 B7 B7 B7  B7                          .........
================================================================================
DEBUG:isbp:successfully sent: 25 sent_total:264
INFO:isbp:Successfully transmitted 264 bytes!
DEBUG:isbp:Sleeping to give time for hw(esp. emulation) to process the command!
DEBUG:isbp:Reading the header cmd status header...!
INFO:isbp:aa_i2c_write: expectedLen:1(0x1) observedLen:1(0x1) wrBuffer:
================================================================================
0000:  41                                                   A
================================================================================
INFO:isbp:aa_i2c_read: expectedLen:1(0x1) observedLen:1(0x1) rdBuffer:
================================================================================
0000:  04                                                   .
================================================================================
DEBUG:isbp:i2c_dbg_chal_nread number_of_bytes: 4(0x4)
DEBUG:isbp:len:4 I2CWR(dbgRd|0x4+1)=0x45
INFO:isbp:aa_i2c_write: expectedLen:1(0x1) observedLen:1(0x1) wrBuffer:
================================================================================
0000:  45                                                   E
================================================================================
INFO:isbp:aa_i2c_read: expectedLen:5(0x5) observedLen:5(0x5) rdBuffer:
================================================================================
0000:  04 04 00 00 00                                       .....
================================================================================
DEBUG:isbp:Successfully Recived 4 bytes!
DEBUG:isbp:success: status: True data:
================================================================================
0000:  00 00 00 04                                          ....
================================================================================
# ++++++++++++++++++++++++++++++++++++++++++++++++++++++++++++++++++++++++++++++++
# Response for command : 0xfc012000 (Flash Program/DataAdd)
# ================================================================================
###[ RESP_raw ]###
  \header    \
   |###[ HEADER ]###
   |  reserved  = reserved
   |  protected = [0x0L] reserved
   |  reserved  = reserved
   |  MsgStatus = [0x0L] Okay
   |  MsgSize   = [0x4] 4
# --------------------------------------------------------------------------------
DEBUG:isbp:cmd: 0xfc014000 cmd_data:
================================================================================
0000:  00 00 00 00                                          ....
================================================================================
INFO:isbp:Issueing chal cmd: 0xfc014000
DEBUG:isbp:Flushing the FIFO...!
INFO:isbp:aa_i2c_write: expectedLen:1(0x1) observedLen:1(0x1) wrBuffer:
================================================================================
0000:  41                                                   A
================================================================================
DEBUG:isbp:Write read status command. sent_bytes: 1
INFO:isbp:aa_i2c_read: expectedLen:1(0x1) observedLen:1(0x1) rdBuffer:
================================================================================
0000:  00                                                   .
================================================================================
DEBUG:isbp:Flushed the FIFO!
DEBUG:isbp:cmd: 0xfc014000
DEBUG:isbp:size: 12
INFO:isbp:aa_i2c_write: expectedLen:5(0x5) observedLen:5(0x5) wrBuffer:
================================================================================
0000:  C4 0C 00 00 00                                       .....
================================================================================
DEBUG:isbp:
Send dbg chal cmd ['0x84', '0x0', '0x40', '0x1', '0xfc']
INFO:isbp:aa_i2c_write: expectedLen:5(0x5) observedLen:5(0x5) wrBuffer:
================================================================================
0000:  84 00 40 01 FC                                       ..@..
================================================================================
DEBUG:isbp:i:0 rem_bytes:4 n:4
INFO:isbp:aa_i2c_write: expectedLen:5(0x5) observedLen:5(0x5) wrBuffer:
================================================================================
0000:  B0 00 00 00 00                                       .....
================================================================================
DEBUG:isbp:successfully sent: 5 sent_total:4
INFO:isbp:Successfully transmitted 4 bytes!
DEBUG:isbp:Sleeping to give time for hw(esp. emulation) to process the command!
DEBUG:isbp:Reading the header cmd status header...!
INFO:isbp:aa_i2c_write: expectedLen:1(0x1) observedLen:1(0x1) wrBuffer:
================================================================================
0000:  41                                                   A
================================================================================
INFO:isbp:aa_i2c_read: expectedLen:1(0x1) observedLen:1(0x1) rdBuffer:
================================================================================
0000:  04                                                   .
================================================================================
DEBUG:isbp:i2c_dbg_chal_nread number_of_bytes: 4(0x4)
DEBUG:isbp:len:4 I2CWR(dbgRd|0x4+1)=0x45
INFO:isbp:aa_i2c_write: expectedLen:1(0x1) observedLen:1(0x1) wrBuffer:
================================================================================
0000:  45                                                   E
================================================================================
INFO:isbp:aa_i2c_read: expectedLen:5(0x5) observedLen:5(0x5) rdBuffer:
================================================================================
0000:  04 04 00 00 00                                       .....
================================================================================
DEBUG:isbp:Successfully Recived 4 bytes!
DEBUG:isbp:success: status: True data:
================================================================================
0000:  00 00 00 04                                          ....
================================================================================
# ++++++++++++++++++++++++++++++++++++++++++++++++++++++++++++++++++++++++++++++++
# Response for command : 0xfc014000 (Flash Program/DataFlush)
# ================================================================================
###[ RESP_raw ]###
  \header    \
   |###[ HEADER ]###
   |  reserved  = reserved
   |  protected = [0x0L] reserved
   |  reserved  = reserved
   |  MsgStatus = [0x0L] Okay
   |  MsgSize   = [0x4] 4
# --------------------------------------------------------------------------------
Reading flash: 256 bytes at offset 0
DEBUG:isbp:cmd: 0xfc022000 cmd_data:
================================================================================
0000:  00 00 00 00 00 01 00 00                              ........
================================================================================
INFO:isbp:Issueing chal cmd: 0xfc022000
DEBUG:isbp:Flushing the FIFO...!
INFO:isbp:aa_i2c_write: expectedLen:1(0x1) observedLen:1(0x1) wrBuffer:
================================================================================
0000:  41                                                   A
================================================================================
DEBUG:isbp:Write read status command. sent_bytes: 1
INFO:isbp:aa_i2c_read: expectedLen:1(0x1) observedLen:1(0x1) rdBuffer:
================================================================================
0000:  00                                                   .
================================================================================
DEBUG:isbp:Flushed the FIFO!
DEBUG:isbp:cmd: 0xfc022000
DEBUG:isbp:size: 16
INFO:isbp:aa_i2c_write: expectedLen:5(0x5) observedLen:5(0x5) wrBuffer:
================================================================================
0000:  C4 10 00 00 00                                       .....
================================================================================
DEBUG:isbp:
Send dbg chal cmd ['0x84', '0x0', '0x20', '0x2', '0xfc']
INFO:isbp:aa_i2c_write: expectedLen:5(0x5) observedLen:5(0x5) wrBuffer:
================================================================================
0000:  84 00 20 02 FC                                       .. ..
================================================================================
DEBUG:isbp:i:0 rem_bytes:8 n:8
INFO:isbp:aa_i2c_write: expectedLen:9(0x9) observedLen:9(0x9) wrBuffer:
================================================================================
0000:  B0 00 00 00 00 00 01 00  00                          .........
================================================================================
DEBUG:isbp:successfully sent: 9 sent_total:8
INFO:isbp:Successfully transmitted 8 bytes!
DEBUG:isbp:Sleeping to give time for hw(esp. emulation) to process the command!
DEBUG:isbp:Reading the header cmd status header...!
INFO:isbp:aa_i2c_write: expectedLen:1(0x1) observedLen:1(0x1) wrBuffer:
================================================================================
0000:  41                                                   A
================================================================================
INFO:isbp:aa_i2c_read: expectedLen:1(0x1) observedLen:1(0x1) rdBuffer:
================================================================================
0000:  40                                                   @
================================================================================
DEBUG:isbp:i2c_dbg_chal_nread number_of_bytes: 4(0x4)
DEBUG:isbp:len:4 I2CWR(dbgRd|0x4+1)=0x45
INFO:isbp:aa_i2c_write: expectedLen:1(0x1) observedLen:1(0x1) wrBuffer:
================================================================================
0000:  45                                                   E
================================================================================
INFO:isbp:aa_i2c_read: expectedLen:5(0x5) observedLen:5(0x5) rdBuffer:
================================================================================
0000:  40 04 01 00 00                                       @....
================================================================================
DEBUG:isbp:Successfully Recived 4 bytes!
DEBUG:isbp:i2c_dbg_chal_nread number_of_bytes: 256(0x100)
DEBUG:isbp:len:32 I2CWR(dbgRd|0x20+1)=0x61
INFO:isbp:aa_i2c_write: expectedLen:1(0x1) observedLen:1(0x1) wrBuffer:
================================================================================
0000:  61                                                   a
================================================================================
INFO:isbp:aa_i2c_read: expectedLen:33(0x21) observedLen:33(0x21) rdBuffer:
================================================================================
0000:  40 B7 B7 B7 B7 B7 B7 B7  B7 B7 B7 B7 B7 B7 B7 B7     @...............
0010:  B7 B7 B7 B7 B7 B7 B7 B7  B7 B7 B7 B7 B7 B7 B7 B7     ................
0020:  B7                                                   .
================================================================================
DEBUG:isbp:len:32 I2CWR(dbgRd|0x20+1)=0x61
INFO:isbp:aa_i2c_write: expectedLen:1(0x1) observedLen:1(0x1) wrBuffer:
================================================================================
0000:  61                                                   a
================================================================================
INFO:isbp:aa_i2c_read: expectedLen:33(0x21) observedLen:33(0x21) rdBuffer:
================================================================================
0000:  40 B7 B7 B7 B7 B7 B7 B7  B7 B7 B7 B7 B7 B7 B7 B7     @...............
0010:  B7 B7 B7 B7 B7 B7 B7 B7  B7 B7 B7 B7 B7 B7 B7 B7     ................
0020:  B7                                                   .
================================================================================
DEBUG:isbp:len:32 I2CWR(dbgRd|0x20+1)=0x61
INFO:isbp:aa_i2c_write: expectedLen:1(0x1) observedLen:1(0x1) wrBuffer:
================================================================================
0000:  61                                                   a
================================================================================
INFO:isbp:aa_i2c_read: expectedLen:33(0x21) observedLen:33(0x21) rdBuffer:
================================================================================
0000:  40 B7 B7 B7 B7 B7 B7 B7  B7 B7 B7 B7 B7 B7 B7 B7     @...............
0010:  B7 B7 B7 B7 B7 B7 B7 B7  B7 B7 B7 B7 B7 B7 B7 B7     ................
0020:  B7                                                   .
================================================================================
DEBUG:isbp:len:32 I2CWR(dbgRd|0x20+1)=0x61
INFO:isbp:aa_i2c_write: expectedLen:1(0x1) observedLen:1(0x1) wrBuffer:
================================================================================
0000:  61                                                   a
================================================================================
INFO:isbp:aa_i2c_read: expectedLen:33(0x21) observedLen:33(0x21) rdBuffer:
================================================================================
0000:  40 B7 B7 B7 B7 B7 B7 B7  B7 B7 B7 B7 B7 B7 B7 B7     @...............
0010:  B7 B7 B7 B7 B7 B7 B7 B7  B7 B7 B7 B7 B7 B7 B7 B7     ................
0020:  B7                                                   .
================================================================================
DEBUG:isbp:len:32 I2CWR(dbgRd|0x20+1)=0x61
INFO:isbp:aa_i2c_write: expectedLen:1(0x1) observedLen:1(0x1) wrBuffer:
================================================================================
0000:  61                                                   a
================================================================================
INFO:isbp:aa_i2c_read: expectedLen:33(0x21) observedLen:33(0x21) rdBuffer:
================================================================================
0000:  40 B7 B7 B7 B7 B7 B7 B7  B7 B7 B7 B7 B7 B7 B7 B7     @...............
0010:  B7 B7 B7 B7 B7 B7 B7 B7  B7 B7 B7 B7 B7 B7 B7 B7     ................
0020:  B7                                                   .
================================================================================
DEBUG:isbp:len:32 I2CWR(dbgRd|0x20+1)=0x61
INFO:isbp:aa_i2c_write: expectedLen:1(0x1) observedLen:1(0x1) wrBuffer:
================================================================================
0000:  61                                                   a
================================================================================
INFO:isbp:aa_i2c_read: expectedLen:33(0x21) observedLen:33(0x21) rdBuffer:
================================================================================
0000:  40 B7 B7 B7 B7 B7 B7 B7  B7 B7 B7 B7 B7 B7 B7 B7     @...............
0010:  B7 B7 B7 B7 B7 B7 B7 B7  B7 B7 B7 B7 B7 B7 B7 B7     ................
0020:  B7                                                   .
================================================================================
DEBUG:isbp:len:32 I2CWR(dbgRd|0x20+1)=0x61
INFO:isbp:aa_i2c_write: expectedLen:1(0x1) observedLen:1(0x1) wrBuffer:
================================================================================
0000:  61                                                   a
================================================================================
INFO:isbp:aa_i2c_read: expectedLen:33(0x21) observedLen:33(0x21) rdBuffer:
================================================================================
0000:  40 B7 B7 B7 B7 B7 B7 B7  B7 B7 B7 B7 B7 B7 B7 B7     @...............
0010:  B7 B7 B7 B7 B7 B7 B7 B7  B7 B7 B7 B7 B7 B7 B7 B7     ................
0020:  B7                                                   .
================================================================================
DEBUG:isbp:len:32 I2CWR(dbgRd|0x20+1)=0x61
INFO:isbp:aa_i2c_write: expectedLen:1(0x1) observedLen:1(0x1) wrBuffer:
================================================================================
0000:  61                                                   a
================================================================================
INFO:isbp:aa_i2c_read: expectedLen:33(0x21) observedLen:33(0x21) rdBuffer:
================================================================================
0000:  20 B7 B7 B7 B7 B7 B7 B7  B7 B7 B7 B7 B7 B7 B7 B7      ...............
0010:  B7 B7 B7 B7 B7 B7 B7 B7  B7 B7 B7 B7 B7 B7 B7 B7     ................
0020:  B7                                                   .
================================================================================
DEBUG:isbp:Successfully Recived 256 bytes!
DEBUG:isbp:success: status: True data:
================================================================================
0000:  00 00 01 04 B7 B7 B7 B7  B7 B7 B7 B7 B7 B7 B7 B7     ................
0010:  B7 B7 B7 B7 B7 B7 B7 B7  B7 B7 B7 B7 B7 B7 B7 B7     ................
0020:  B7 B7 B7 B7 B7 B7 B7 B7  B7 B7 B7 B7 B7 B7 B7 B7     ................
0030:  B7 B7 B7 B7 B7 B7 B7 B7  B7 B7 B7 B7 B7 B7 B7 B7     ................
0040:  B7 B7 B7 B7 B7 B7 B7 B7  B7 B7 B7 B7 B7 B7 B7 B7     ................
0050:  B7 B7 B7 B7 B7 B7 B7 B7  B7 B7 B7 B7 B7 B7 B7 B7     ................
0060:  B7 B7 B7 B7 B7 B7 B7 B7  B7 B7 B7 B7 B7 B7 B7 B7     ................
0070:  B7 B7 B7 B7 B7 B7 B7 B7  B7 B7 B7 B7 B7 B7 B7 B7     ................
0080:  B7 B7 B7 B7 B7 B7 B7 B7  B7 B7 B7 B7 B7 B7 B7 B7     ................
0090:  B7 B7 B7 B7 B7 B7 B7 B7  B7 B7 B7 B7 B7 B7 B7 B7     ................
00a0:  B7 B7 B7 B7 B7 B7 B7 B7  B7 B7 B7 B7 B7 B7 B7 B7     ................
00b0:  B7 B7 B7 B7 B7 B7 B7 B7  B7 B7 B7 B7 B7 B7 B7 B7     ................
00c0:  B7 B7 B7 B7 B7 B7 B7 B7  B7 B7 B7 B7 B7 B7 B7 B7     ................
00d0:  B7 B7 B7 B7 B7 B7 B7 B7  B7 B7 B7 B7 B7 B7 B7 B7     ................
00e0:  B7 B7 B7 B7 B7 B7 B7 B7  B7 B7 B7 B7 B7 B7 B7 B7     ................
00f0:  B7 B7 B7 B7 B7 B7 B7 B7  B7 B7 B7 B7 B7 B7 B7 B7     ................
0100:  B7 B7 B7 B7                                          ....
================================================================================
# ++++++++++++++++++++++++++++++++++++++++++++++++++++++++++++++++++++++++++++++++
# Response for command : 0xfc022000 (Flash Read/Data)
# ================================================================================
###[ RESP_raw ]###
  \header    \
   |###[ HEADER ]###
   |  reserved  = reserved
   |  protected = [0x0L] reserved
   |  reserved  = reserved
   |  MsgStatus = [0x0L] Okay
   |  MsgSize   = [0x104] 260
###[ Remains ]###
     payload   =
              0000:  B7 B7 B7 B7 B7 B7 B7 B7  B7 B7 B7 B7 B7 B7 B7 B7     ................
              0010:  B7 B7 B7 B7 B7 B7 B7 B7  B7 B7 B7 B7 B7 B7 B7 B7     ................
              0020:  B7 B7 B7 B7 B7 B7 B7 B7  B7 B7 B7 B7 B7 B7 B7 B7     ................
              0030:  B7 B7 B7 B7 B7 B7 B7 B7  B7 B7 B7 B7 B7 B7 B7 B7     ................
              0040:  B7 B7 B7 B7 B7 B7 B7 B7  B7 B7 B7 B7 B7 B7 B7 B7     ................
              0050:  B7 B7 B7 B7 B7 B7 B7 B7  B7 B7 B7 B7 B7 B7 B7 B7     ................
              0060:  B7 B7 B7 B7 B7 B7 B7 B7  B7 B7 B7 B7 B7 B7 B7 B7     ................
              0070:  B7 B7 B7 B7 B7 B7 B7 B7  B7 B7 B7 B7 B7 B7 B7 B7     ................
              0080:  B7 B7 B7 B7 B7 B7 B7 B7  B7 B7 B7 B7 B7 B7 B7 B7     ................
              0090:  B7 B7 B7 B7 B7 B7 B7 B7  B7 B7 B7 B7 B7 B7 B7 B7     ................
              00a0:  B7 B7 B7 B7 B7 B7 B7 B7  B7 B7 B7 B7 B7 B7 B7 B7     ................
              00b0:  B7 B7 B7 B7 B7 B7 B7 B7  B7 B7 B7 B7 B7 B7 B7 B7     ................
              00c0:  B7 B7 B7 B7 B7 B7 B7 B7  B7 B7 B7 B7 B7 B7 B7 B7     ................
              00d0:  B7 B7 B7 B7 B7 B7 B7 B7  B7 B7 B7 B7 B7 B7 B7 B7     ................
              00e0:  B7 B7 B7 B7 B7 B7 B7 B7  B7 B7 B7 B7 B7 B7 B7 B7     ................
              00f0:  B7 B7 B7 B7 B7 B7 B7 B7  B7 B7 B7 B7 B7 B7 B7 B7     ................
# --------------------------------------------------------------------------------
DEBUG:isbp:Disconnect request
DEBUG:isbp:Disconnect request
DEBUG:isbp:Free Bus: i2c bus already free
DEBUG:isbp:Closed i2c handle
